# JRE version: Java(TM) SE Runtime Environment (8.0_281-b09) (build 1.8.0_281-b09)
# Java VM: Java HotSpot(TM) 64-Bit Server VM (25.281-b09 mixed mode windows-amd64 compressed oops)
Heap:
 PSYoungGen      total 75776K, used 57641K [0x000000076b580000, 0x0000000772380000, 0x00000007c0000000)
  eden space 65024K, 73% used [0x000000076b580000,0x000000076e40ffd0,0x000000076f500000)
  from space 10752K, 92% used [0x000000076ff80000,0x000000077093a4c8,0x0000000770a00000)
  to   space 10752K, 0% used [0x000000076f500000,0x000000076f500000,0x000000076ff80000)
 ParOldGen       total 116224K, used 10432K [0x00000006c2000000, 0x00000006c9180000, 0x000000076b580000)
  object space 116224K, 8% used [0x00000006c2000000,0x00000006c2a30248,0x00000006c9180000)
 Metaspace       used 26179K, capacity 26860K, committed 27136K, reserved 1073152K
  class space    used 3098K, capacity 3321K, committed 3328K, reserved 1048576K
GC Heap History (10 events):
Event: 1.721 GC heap before
{Heap before GC invocations=1 (full 0):
 PSYoungGen      total 75776K, used 65024K [0x000000076b580000, 0x0000000770a00000, 0x00000007c0000000)
  eden space 65024K, 100% used [0x000000076b580000,0x000000076f500000,0x000000076f500000)
  from space 10752K, 0% used [0x000000076ff80000,0x000000076ff80000,0x0000000770a00000)
  to   space 10752K, 0% used [0x000000076f500000,0x000000076f500000,0x000000076ff80000)
 ParOldGen       total 173568K, used 0K [0x00000006c2000000, 0x00000006cc980000, 0x000000076b580000)
  object space 173568K, 0% used [0x00000006c2000000,0x00000006c2000000,0x00000006cc980000)
 Metaspace       used 11260K, capacity 11398K, committed 11776K, reserved 1058816K
  class space    used 1356K, capacity 1410K, committed 1536K, reserved 1048576K
Event: 1.729 GC heap after
Heap after GC invocations=1 (full 0):
 PSYoungGen      total 75776K, used 9054K [0x000000076b580000, 0x0000000770a00000, 0x00000007c0000000)
  eden space 65024K, 0% used [0x000000076b580000,0x000000076b580000,0x000000076f500000)
  from space 10752K, 84% used [0x000000076f500000,0x000000076fdd7b50,0x000000076ff80000)
  to   space 10752K, 0% used [0x000000076ff80000,0x000000076ff80000,0x0000000770a00000)
 ParOldGen       total 173568K, used 16K [0x00000006c2000000, 0x00000006cc980000, 0x000000076b580000)
  object space 173568K, 0% used [0x00000006c2000000,0x00000006c2004000,0x00000006cc980000)
 Metaspace       used 11260K, capacity 11398K, committed 11776K, reserved 1058816K
  class space    used 1356K, capacity 1410K, committed 1536K, reserved 1048576K
}
Event: 2.832 GC heap before
{Heap before GC invocations=2 (full 0):
 PSYoungGen      total 75776K, used 74078K [0x000000076b580000, 0x0000000770a00000, 0x00000007c0000000)
  eden space 65024K, 100% used [0x000000076b580000,0x000000076f500000,0x000000076f500000)
  from space 10752K, 84% used [0x000000076f500000,0x000000076fdd7b50,0x000000076ff80000)
  to   space 10752K, 0% used [0x000000076ff80000,0x000000076ff80000,0x0000000770a00000)
 ParOldGen       total 173568K, used 16K [0x00000006c2000000, 0x00000006cc980000, 0x000000076b580000)
  object space 173568K, 0% used [0x00000006c2000000,0x00000006c2004000,0x00000006cc980000)
 Metaspace       used 16322K, capacity 16680K, committed 16896K, reserved 1064960K
  class space    used 1943K, capacity 2043K, committed 2048K, reserved 1048576K
Event: 2.841 GC heap after
Heap after GC invocations=2 (full 0):
 PSYoungGen      total 75776K, used 10455K [0x000000076b580000, 0x0000000770a00000, 0x00000007c0000000)
  eden space 65024K, 0% used [0x000000076b580000,0x000000076b580000,0x000000076f500000)
  from space 10752K, 97% used [0x000000076ff80000,0x00000007709b5c00,0x0000000770a00000)
  to   space 10752K, 0% used [0x000000076f500000,0x000000076f500000,0x000000076ff80000)
 ParOldGen       total 173568K, used 32K [0x00000006c2000000, 0x00000006cc980000, 0x000000076b580000)
  object space 173568K, 0% used [0x00000006c2000000,0x00000006c2008000,0x00000006cc980000)
 Metaspace       used 16322K, capacity 16680K, committed 16896K, reserved 1064960K
  class space    used 1943K, capacity 2043K, committed 2048K, reserved 1048576K
}
Event: 3.819 GC heap before
{Heap before GC invocations=3 (full 0):
 PSYoungGen      total 75776K, used 72599K [0x000000076b580000, 0x0000000770a00000, 0x00000007c0000000)
  eden space 65024K, 95% used [0x000000076b580000,0x000000076f230160,0x000000076f500000)
  from space 10752K, 97% used [0x000000076ff80000,0x00000007709b5c00,0x0000000770a00000)
  to   space 10752K, 0% used [0x000000076f500000,0x000000076f500000,0x000000076ff80000)
 ParOldGen       total 173568K, used 32K [0x00000006c2000000, 0x00000006cc980000, 0x000000076b580000)
  object space 173568K, 0% used [0x00000006c2000000,0x00000006c2008000,0x00000006cc980000)
 Metaspace       used 20666K, capacity 21096K, committed 21296K, reserved 1069056K
  class space    used 2485K, capacity 2643K, committed 2688K, reserved 1048576K
Event: 3.827 GC heap after
Heap after GC invocations=3 (full 0):
 PSYoungGen      total 75776K, used 10601K [0x000000076b580000, 0x0000000770a00000, 0x00000007c0000000)
  eden space 65024K, 0% used [0x000000076b580000,0x000000076b580000,0x000000076f500000)
  from space 10752K, 98% used [0x000000076f500000,0x000000076ff5a618,0x000000076ff80000)
  to   space 10752K, 0% used [0x000000076ff80000,0x000000076ff80000,0x0000000770a00000)
 ParOldGen       total 173568K, used 40K [0x00000006c2000000, 0x00000006cc980000, 0x000000076b580000)
  object space 173568K, 0% used [0x00000006c2000000,0x00000006c200a000,0x00000006cc980000)
 Metaspace       used 20666K, capacity 21096K, committed 21296K, reserved 1069056K
  class space    used 2485K, capacity 2643K, committed 2688K, reserved 1048576K
}
Event: 3.827 GC heap before
{Heap before GC invocations=4 (full 1):
 PSYoungGen      total 75776K, used 10601K [0x000000076b580000, 0x0000000770a00000, 0x00000007c0000000)
  eden space 65024K, 0% used [0x000000076b580000,0x000000076b580000,0x000000076f500000)
  from space 10752K, 98% used [0x000000076f500000,0x000000076ff5a618,0x000000076ff80000)
  to   space 10752K, 0% used [0x000000076ff80000,0x000000076ff80000,0x0000000770a00000)
 ParOldGen       total 173568K, used 40K [0x00000006c2000000, 0x00000006cc980000, 0x000000076b580000)
  object space 173568K, 0% used [0x00000006c2000000,0x00000006c200a000,0x00000006cc980000)
 Metaspace       used 20666K, capacity 21096K, committed 21296K, reserved 1069056K
  class space    used 2485K, capacity 2643K, committed 2688K, reserved 1048576K
Event: 3.869 GC heap after
Heap after GC invocations=4 (full 1):
 PSYoungGen      total 75776K, used 0K [0x000000076b580000, 0x0000000770a00000, 0x00000007c0000000)
  eden space 65024K, 0% used [0x000000076b580000,0x000000076b580000,0x000000076f500000)
  from space 10752K, 0% used [0x000000076f500000,0x000000076f500000,0x000000076ff80000)
  to   space 10752K, 0% used [0x000000076ff80000,0x000000076ff80000,0x0000000770a00000)
 ParOldGen       total 116224K, used 10424K [0x00000006c2000000, 0x00000006c9180000, 0x000000076b580000)
  object space 116224K, 8% used [0x00000006c2000000,0x00000006c2a2e248,0x00000006c9180000)
 Metaspace       used 20666K, capacity 21096K, committed 21296K, reserved 1069056K
  class space    used 2485K, capacity 2643K, committed 2688K, reserved 1048576K
}
Event: 4.858 GC heap before
{Heap before GC invocations=5 (full 1):
 PSYoungGen      total 75776K, used 65024K [0x000000076b580000, 0x0000000770a00000, 0x00000007c0000000)
  eden space 65024K, 100% used [0x000000076b580000,0x000000076f500000,0x000000076f500000)
  from space 10752K, 0% used [0x000000076f500000,0x000000076f500000,0x000000076ff80000)
  to   space 10752K, 0% used [0x000000076ff80000,0x000000076ff80000,0x0000000770a00000)
 ParOldGen       total 116224K, used 10424K [0x00000006c2000000, 0x00000006c9180000, 0x000000076b580000)
  object space 116224K, 8% used [0x00000006c2000000,0x00000006c2a2e248,0x00000006c9180000)
 Metaspace       used 23277K, capacity 23800K, committed 24192K, reserved 1071104K
  class space    used 2716K, capacity 2874K, committed 2944K, reserved 1048576K
Event: 4.867 GC heap after
Heap after GC invocations=5 (full 1):
 PSYoungGen      total 75776K, used 9961K [0x000000076b580000, 0x0000000772380000, 0x00000007c0000000)
  eden space 65024K, 0% used [0x000000076b580000,0x000000076b580000,0x000000076f500000)
  from space 10752K, 92% used [0x000000076ff80000,0x000000077093a4c8,0x0000000770a00000)
  to   space 10752K, 0% used [0x000000076f500000,0x000000076f500000,0x000000076ff80000)
 ParOldGen       total 116224K, used 10432K [0x00000006c2000000, 0x00000006c9180000, 0x000000076b580000)
  object space 116224K, 8% used [0x00000006c2000000,0x00000006c2a30248,0x00000006c9180000)
 Metaspace       used 23277K, capacity 23800K, committed 24192K, reserved 1071104K
  class space    used 2716K, capacity 2874K, committed 2944K, reserved 1048576K
}

